\BOOKMARK [1][-]{section.1}{Introduction}{}% 1
\BOOKMARK [2][-]{subsection.1.1}{Background}{section.1}% 2
\BOOKMARK [2][-]{subsection.1.2}{Project Description}{section.1}% 3
\BOOKMARK [2][-]{subsection.1.3}{Dataset Overview and Preparation}{section.1}% 4
\BOOKMARK [2][-]{subsection.1.4}{Outline}{section.1}% 5
\BOOKMARK [1][-]{section.2}{Related Works}{}% 6
\BOOKMARK [2][-]{subsection.2.1}{SVM}{section.2}% 7
\BOOKMARK [2][-]{subsection.2.2}{CNN}{section.2}% 8
\BOOKMARK [2][-]{subsection.2.3}{VGG16}{section.2}% 9
\BOOKMARK [2][-]{subsection.2.4}{CLIP}{section.2}% 10
\BOOKMARK [2][-]{subsection.2.5}{Hypothesis}{section.2}% 11
\BOOKMARK [1][-]{section.3}{Methods}{}% 12
\BOOKMARK [2][-]{subsection.3.1}{SVM}{section.3}% 13
\BOOKMARK [2][-]{subsection.3.2}{CNN}{section.3}% 14
\BOOKMARK [2][-]{subsection.3.3}{ResNet50}{section.3}% 15
\BOOKMARK [2][-]{subsection.3.4}{VGG16}{section.3}% 16
\BOOKMARK [1][-]{section.4}{Evaluation}{}% 17
\BOOKMARK [2][-]{subsection.4.1}{SVM}{section.4}% 18
\BOOKMARK [2][-]{subsection.4.2}{CNN}{section.4}% 19
\BOOKMARK [2][-]{subsection.4.3}{ResNet50}{section.4}% 20
\BOOKMARK [2][-]{subsection.4.4}{VGG16}{section.4}% 21
\BOOKMARK [1][-]{section.5}{Conclusion}{}% 22
\BOOKMARK [1][-]{section.6}{Future Work}{}% 23
